mode: set
github.com/scipian/terraform-controller/pkg/terraform/configmap.go:26.104,46.2 6 1
github.com/scipian/terraform-controller/pkg/terraform/configmap.go:48.69,57.2 7 1
github.com/scipian/terraform-controller/pkg/terraform/configmap.go:59.66,62.35 2 1
github.com/scipian/terraform-controller/pkg/terraform/configmap.go:66.2,66.27 1 1
github.com/scipian/terraform-controller/pkg/terraform/configmap.go:62.35,65.3 2 1
github.com/scipian/terraform-controller/pkg/terraform/job.go:20.106,90.2 2 1
github.com/scipian/terraform-controller/pkg/terraform/job.go:92.62,117.36 2 1
github.com/scipian/terraform-controller/pkg/terraform/job.go:123.2,123.12 1 1
github.com/scipian/terraform-controller/pkg/terraform/job.go:117.36,122.3 1 1
github.com/scipian/terraform-controller/pkg/apis/terraform/v1alpha1/run_types.go:62.13,64.2 1 1
github.com/scipian/terraform-controller/pkg/apis/terraform/v1alpha1/workspace_types.go:75.13,77.2 1 1
github.com/scipian/terraform-controller/pkg/apis/terraform/v1alpha1/zz_generated.deepcopy.go:27.39,34.2 6 1
github.com/scipian/terraform-controller/pkg/apis/terraform/v1alpha1/zz_generated.deepcopy.go:37.32,38.15 1 1
github.com/scipian/terraform-controller/pkg/apis/terraform/v1alpha1/zz_generated.deepcopy.go:41.2,43.12 3 1
github.com/scipian/terraform-controller/pkg/apis/terraform/v1alpha1/zz_generated.deepcopy.go:38.15,40.3 1 0
github.com/scipian/terraform-controller/pkg/apis/terraform/v1alpha1/zz_generated.deepcopy.go:47.48,48.34 1 0
github.com/scipian/terraform-controller/pkg/apis/terraform/v1alpha1/zz_generated.deepcopy.go:51.2,51.12 1 0
github.com/scipian/terraform-controller/pkg/apis/terraform/v1alpha1/zz_generated.deepcopy.go:48.34,50.3 1 0
github.com/scipian/terraform-controller/pkg/apis/terraform/v1alpha1/zz_generated.deepcopy.go:55.47,59.21 4 0
github.com/scipian/terraform-controller/pkg/apis/terraform/v1alpha1/zz_generated.deepcopy.go:66.2,66.8 1 0
github.com/scipian/terraform-controller/pkg/apis/terraform/v1alpha1/zz_generated.deepcopy.go:59.21,62.22 3 0
github.com/scipian/terraform-controller/pkg/apis/terraform/v1alpha1/zz_generated.deepcopy.go:62.22,64.4 1 0
github.com/scipian/terraform-controller/pkg/apis/terraform/v1alpha1/zz_generated.deepcopy.go:70.40,71.15 1 0
github.com/scipian/terraform-controller/pkg/apis/terraform/v1alpha1/zz_generated.deepcopy.go:74.2,76.12 3 0
github.com/scipian/terraform-controller/pkg/apis/terraform/v1alpha1/zz_generated.deepcopy.go:71.15,73.3 1 0
github.com/scipian/terraform-controller/pkg/apis/terraform/v1alpha1/zz_generated.deepcopy.go:80.52,81.34 1 0
github.com/scipian/terraform-controller/pkg/apis/terraform/v1alpha1/zz_generated.deepcopy.go:84.2,84.12 1 0
github.com/scipian/terraform-controller/pkg/apis/terraform/v1alpha1/zz_generated.deepcopy.go:81.34,83.3 1 0
github.com/scipian/terraform-controller/pkg/apis/terraform/v1alpha1/zz_generated.deepcopy.go:88.47,91.2 2 0
github.com/scipian/terraform-controller/pkg/apis/terraform/v1alpha1/zz_generated.deepcopy.go:94.40,95.15 1 0
github.com/scipian/terraform-controller/pkg/apis/terraform/v1alpha1/zz_generated.deepcopy.go:98.2,100.12 3 0
github.com/scipian/terraform-controller/pkg/apis/terraform/v1alpha1/zz_generated.deepcopy.go:95.15,97.3 1 0
github.com/scipian/terraform-controller/pkg/apis/terraform/v1alpha1/zz_generated.deepcopy.go:104.51,107.2 2 0
github.com/scipian/terraform-controller/pkg/apis/terraform/v1alpha1/zz_generated.deepcopy.go:110.44,111.15 1 0
github.com/scipian/terraform-controller/pkg/apis/terraform/v1alpha1/zz_generated.deepcopy.go:114.2,116.12 3 0
github.com/scipian/terraform-controller/pkg/apis/terraform/v1alpha1/zz_generated.deepcopy.go:111.15,113.3 1 0
github.com/scipian/terraform-controller/pkg/apis/terraform/v1alpha1/zz_generated.deepcopy.go:120.51,127.2 6 1
github.com/scipian/terraform-controller/pkg/apis/terraform/v1alpha1/zz_generated.deepcopy.go:130.44,131.15 1 1
github.com/scipian/terraform-controller/pkg/apis/terraform/v1alpha1/zz_generated.deepcopy.go:134.2,136.12 3 1
github.com/scipian/terraform-controller/pkg/apis/terraform/v1alpha1/zz_generated.deepcopy.go:131.15,133.3 1 0
github.com/scipian/terraform-controller/pkg/apis/terraform/v1alpha1/zz_generated.deepcopy.go:140.54,141.34 1 0
github.com/scipian/terraform-controller/pkg/apis/terraform/v1alpha1/zz_generated.deepcopy.go:144.2,144.12 1 0
github.com/scipian/terraform-controller/pkg/apis/terraform/v1alpha1/zz_generated.deepcopy.go:141.34,143.3 1 0
github.com/scipian/terraform-controller/pkg/apis/terraform/v1alpha1/zz_generated.deepcopy.go:148.65,151.2 2 0
github.com/scipian/terraform-controller/pkg/apis/terraform/v1alpha1/zz_generated.deepcopy.go:154.58,155.15 1 0
github.com/scipian/terraform-controller/pkg/apis/terraform/v1alpha1/zz_generated.deepcopy.go:158.2,160.12 3 0
github.com/scipian/terraform-controller/pkg/apis/terraform/v1alpha1/zz_generated.deepcopy.go:155.15,157.3 1 0
github.com/scipian/terraform-controller/pkg/apis/terraform/v1alpha1/zz_generated.deepcopy.go:164.59,168.21 4 0
github.com/scipian/terraform-controller/pkg/apis/terraform/v1alpha1/zz_generated.deepcopy.go:175.2,175.8 1 0
github.com/scipian/terraform-controller/pkg/apis/terraform/v1alpha1/zz_generated.deepcopy.go:168.21,171.22 3 0
github.com/scipian/terraform-controller/pkg/apis/terraform/v1alpha1/zz_generated.deepcopy.go:171.22,173.4 1 0
github.com/scipian/terraform-controller/pkg/apis/terraform/v1alpha1/zz_generated.deepcopy.go:179.52,180.15 1 0
github.com/scipian/terraform-controller/pkg/apis/terraform/v1alpha1/zz_generated.deepcopy.go:183.2,185.12 3 0
github.com/scipian/terraform-controller/pkg/apis/terraform/v1alpha1/zz_generated.deepcopy.go:180.15,182.3 1 0
github.com/scipian/terraform-controller/pkg/apis/terraform/v1alpha1/zz_generated.deepcopy.go:189.58,190.34 1 0
github.com/scipian/terraform-controller/pkg/apis/terraform/v1alpha1/zz_generated.deepcopy.go:193.2,193.12 1 0
github.com/scipian/terraform-controller/pkg/apis/terraform/v1alpha1/zz_generated.deepcopy.go:190.34,192.3 1 0
github.com/scipian/terraform-controller/pkg/apis/terraform/v1alpha1/zz_generated.deepcopy.go:197.59,200.23 3 1
github.com/scipian/terraform-controller/pkg/apis/terraform/v1alpha1/zz_generated.deepcopy.go:207.2,207.22 1 1
github.com/scipian/terraform-controller/pkg/apis/terraform/v1alpha1/zz_generated.deepcopy.go:214.2,214.8 1 1
github.com/scipian/terraform-controller/pkg/apis/terraform/v1alpha1/zz_generated.deepcopy.go:200.23,203.29 3 0
github.com/scipian/terraform-controller/pkg/apis/terraform/v1alpha1/zz_generated.deepcopy.go:203.29,205.4 1 0
github.com/scipian/terraform-controller/pkg/apis/terraform/v1alpha1/zz_generated.deepcopy.go:207.22,210.29 3 0
github.com/scipian/terraform-controller/pkg/apis/terraform/v1alpha1/zz_generated.deepcopy.go:210.29,212.4 1 0
github.com/scipian/terraform-controller/pkg/apis/terraform/v1alpha1/zz_generated.deepcopy.go:218.52,219.15 1 0
github.com/scipian/terraform-controller/pkg/apis/terraform/v1alpha1/zz_generated.deepcopy.go:222.2,224.12 3 0
github.com/scipian/terraform-controller/pkg/apis/terraform/v1alpha1/zz_generated.deepcopy.go:219.15,221.3 1 0
github.com/scipian/terraform-controller/pkg/apis/terraform/v1alpha1/zz_generated.deepcopy.go:228.63,231.2 2 0
github.com/scipian/terraform-controller/pkg/apis/terraform/v1alpha1/zz_generated.deepcopy.go:234.56,235.15 1 0
github.com/scipian/terraform-controller/pkg/apis/terraform/v1alpha1/zz_generated.deepcopy.go:238.2,240.12 3 0
github.com/scipian/terraform-controller/pkg/apis/terraform/v1alpha1/zz_generated.deepcopy.go:235.15,237.3 1 0
github.com/scipian/terraform-controller/pkg/controller/workspace/workspace_controller.go:56.37,58.2 1 0
github.com/scipian/terraform-controller/pkg/controller/workspace/workspace_controller.go:61.62,63.2 1 1
github.com/scipian/terraform-controller/pkg/controller/workspace/workspace_controller.go:66.61,69.16 2 1
github.com/scipian/terraform-controller/pkg/controller/workspace/workspace_controller.go:74.2,75.16 2 1
github.com/scipian/terraform-controller/pkg/controller/workspace/workspace_controller.go:79.2,83.16 2 1
github.com/scipian/terraform-controller/pkg/controller/workspace/workspace_controller.go:87.2,91.16 2 1
github.com/scipian/terraform-controller/pkg/controller/workspace/workspace_controller.go:95.2,95.12 1 1
github.com/scipian/terraform-controller/pkg/controller/workspace/workspace_controller.go:69.16,71.3 1 0
github.com/scipian/terraform-controller/pkg/controller/workspace/workspace_controller.go:75.16,77.3 1 0
github.com/scipian/terraform-controller/pkg/controller/workspace/workspace_controller.go:83.16,85.3 1 0
github.com/scipian/terraform-controller/pkg/controller/workspace/workspace_controller.go:91.16,93.3 1 0
github.com/scipian/terraform-controller/pkg/controller/workspace/workspace_controller.go:111.93,117.16 5 1
github.com/scipian/terraform-controller/pkg/controller/workspace/workspace_controller.go:127.2,127.53 1 1
github.com/scipian/terraform-controller/pkg/controller/workspace/workspace_controller.go:167.2,167.32 1 0
github.com/scipian/terraform-controller/pkg/controller/workspace/workspace_controller.go:117.16,118.29 1 0
github.com/scipian/terraform-controller/pkg/controller/workspace/workspace_controller.go:124.3,124.33 1 0
github.com/scipian/terraform-controller/pkg/controller/workspace/workspace_controller.go:118.29,122.4 1 0
github.com/scipian/terraform-controller/pkg/controller/workspace/workspace_controller.go:127.53,130.79 1 1
github.com/scipian/terraform-controller/pkg/controller/workspace/workspace_controller.go:139.3,139.77 1 1
github.com/scipian/terraform-controller/pkg/controller/workspace/workspace_controller.go:130.79,134.68 3 1
github.com/scipian/terraform-controller/pkg/controller/workspace/workspace_controller.go:134.68,136.5 1 0
github.com/scipian/terraform-controller/pkg/controller/workspace/workspace_controller.go:139.77,141.4 1 1
github.com/scipian/terraform-controller/pkg/controller/workspace/workspace_controller.go:143.8,149.78 4 1
github.com/scipian/terraform-controller/pkg/controller/workspace/workspace_controller.go:149.78,150.71 1 1
github.com/scipian/terraform-controller/pkg/controller/workspace/workspace_controller.go:159.4,159.88 1 1
github.com/scipian/terraform-controller/pkg/controller/workspace/workspace_controller.go:163.4,163.34 1 0
github.com/scipian/terraform-controller/pkg/controller/workspace/workspace_controller.go:150.72,157.5 0 1
github.com/scipian/terraform-controller/pkg/controller/workspace/workspace_controller.go:159.88,161.5 1 0
github.com/scipian/terraform-controller/pkg/controller/workspace/workspace_controller.go:170.122,174.71 3 1
github.com/scipian/terraform-controller/pkg/controller/workspace/workspace_controller.go:178.2,178.74 1 1
github.com/scipian/terraform-controller/pkg/controller/workspace/workspace_controller.go:182.2,186.116 3 1
github.com/scipian/terraform-controller/pkg/controller/workspace/workspace_controller.go:190.2,190.122 1 1
github.com/scipian/terraform-controller/pkg/controller/workspace/workspace_controller.go:195.2,195.142 1 1
github.com/scipian/terraform-controller/pkg/controller/workspace/workspace_controller.go:199.2,199.151 1 0
github.com/scipian/terraform-controller/pkg/controller/workspace/workspace_controller.go:203.2,203.12 1 0
github.com/scipian/terraform-controller/pkg/controller/workspace/workspace_controller.go:174.71,176.3 1 0
github.com/scipian/terraform-controller/pkg/controller/workspace/workspace_controller.go:178.74,180.3 1 0
github.com/scipian/terraform-controller/pkg/controller/workspace/workspace_controller.go:186.116,188.3 1 0
github.com/scipian/terraform-controller/pkg/controller/workspace/workspace_controller.go:190.122,192.3 1 0
github.com/scipian/terraform-controller/pkg/controller/workspace/workspace_controller.go:195.142,197.3 1 1
github.com/scipian/terraform-controller/pkg/controller/workspace/workspace_controller.go:199.151,201.3 1 0
github.com/scipian/terraform-controller/pkg/controller/workspace/workspace_controller.go:206.52,207.29 1 1
github.com/scipian/terraform-controller/pkg/controller/workspace/workspace_controller.go:212.2,212.14 1 1
github.com/scipian/terraform-controller/pkg/controller/workspace/workspace_controller.go:207.29,208.16 1 1
github.com/scipian/terraform-controller/pkg/controller/workspace/workspace_controller.go:208.16,210.4 1 1
github.com/scipian/terraform-controller/pkg/controller/workspace/workspace_controller.go:215.63,216.29 1 0
github.com/scipian/terraform-controller/pkg/controller/workspace/workspace_controller.go:222.2,222.8 1 0
github.com/scipian/terraform-controller/pkg/controller/workspace/workspace_controller.go:216.29,217.16 1 0
github.com/scipian/terraform-controller/pkg/controller/workspace/workspace_controller.go:220.3,220.32 1 0
github.com/scipian/terraform-controller/pkg/controller/workspace/workspace_controller.go:217.16,218.12 1 0
github.com/scipian/terraform-controller/pkg/controller/workspace/workspace_controller.go:225.130,230.6 4 1
github.com/scipian/terraform-controller/pkg/controller/workspace/workspace_controller.go:230.6,232.126 1 1
github.com/scipian/terraform-controller/pkg/controller/workspace/workspace_controller.go:236.3,236.49 1 1
github.com/scipian/terraform-controller/pkg/controller/workspace/workspace_controller.go:247.3,247.43 1 1
github.com/scipian/terraform-controller/pkg/controller/workspace/workspace_controller.go:251.3,254.11 3 1
github.com/scipian/terraform-controller/pkg/controller/workspace/workspace_controller.go:232.126,234.4 1 0
github.com/scipian/terraform-controller/pkg/controller/workspace/workspace_controller.go:236.49,239.68 3 0
github.com/scipian/terraform-controller/pkg/controller/workspace/workspace_controller.go:244.4,244.14 1 0
github.com/scipian/terraform-controller/pkg/controller/workspace/workspace_controller.go:239.68,243.5 1 0
github.com/scipian/terraform-controller/pkg/controller/workspace/workspace_controller.go:247.43,249.4 1 0
github.com/scipian/terraform-controller/pkg/controller/workspace/workspace_controller.go:258.87,259.90 1 1
github.com/scipian/terraform-controller/pkg/controller/workspace/workspace_controller.go:262.2,262.12 1 1
github.com/scipian/terraform-controller/pkg/controller/workspace/workspace_controller.go:259.90,261.3 1 0
github.com/scipian/terraform-controller/pkg/controller/workspace/workspace_controller.go:265.156,267.42 2 1
github.com/scipian/terraform-controller/pkg/controller/workspace/workspace_controller.go:277.2,277.12 1 1
github.com/scipian/terraform-controller/pkg/controller/workspace/workspace_controller.go:267.42,270.17 3 1
github.com/scipian/terraform-controller/pkg/controller/workspace/workspace_controller.go:270.17,272.4 1 0
github.com/scipian/terraform-controller/pkg/controller/workspace/workspace_controller.go:273.8,273.23 1 0
github.com/scipian/terraform-controller/pkg/controller/workspace/workspace_controller.go:273.23,275.3 1 0
github.com/scipian/terraform-controller/pkg/controller/workspace/workspace_controller.go:280.191,281.61 1 1
github.com/scipian/terraform-controller/pkg/controller/workspace/workspace_controller.go:290.2,290.12 1 0
github.com/scipian/terraform-controller/pkg/controller/workspace/workspace_controller.go:281.61,285.17 4 1
github.com/scipian/terraform-controller/pkg/controller/workspace/workspace_controller.go:285.17,287.4 1 1
github.com/scipian/terraform-controller/pkg/controller/run/run_controller.go:59.37,61.2 1 0
github.com/scipian/terraform-controller/pkg/controller/run/run_controller.go:64.62,66.2 1 1
github.com/scipian/terraform-controller/pkg/controller/run/run_controller.go:69.61,72.16 2 1
github.com/scipian/terraform-controller/pkg/controller/run/run_controller.go:77.2,78.16 2 1
github.com/scipian/terraform-controller/pkg/controller/run/run_controller.go:82.2,86.16 2 1
github.com/scipian/terraform-controller/pkg/controller/run/run_controller.go:90.2,94.16 2 1
github.com/scipian/terraform-controller/pkg/controller/run/run_controller.go:98.2,98.12 1 1
github.com/scipian/terraform-controller/pkg/controller/run/run_controller.go:72.16,74.3 1 0
github.com/scipian/terraform-controller/pkg/controller/run/run_controller.go:78.16,80.3 1 0
github.com/scipian/terraform-controller/pkg/controller/run/run_controller.go:86.16,88.3 1 0
github.com/scipian/terraform-controller/pkg/controller/run/run_controller.go:94.16,96.3 1 0
github.com/scipian/terraform-controller/pkg/controller/run/run_controller.go:113.87,123.16 5 1
github.com/scipian/terraform-controller/pkg/controller/run/run_controller.go:133.2,134.16 2 1
github.com/scipian/terraform-controller/pkg/controller/run/run_controller.go:144.2,144.38 1 1
github.com/scipian/terraform-controller/pkg/controller/run/run_controller.go:150.2,153.65 3 1
github.com/scipian/terraform-controller/pkg/controller/run/run_controller.go:157.2,157.62 1 1
github.com/scipian/terraform-controller/pkg/controller/run/run_controller.go:169.2,173.116 3 1
github.com/scipian/terraform-controller/pkg/controller/run/run_controller.go:177.2,177.98 1 1
github.com/scipian/terraform-controller/pkg/controller/run/run_controller.go:182.2,182.142 1 1
github.com/scipian/terraform-controller/pkg/controller/run/run_controller.go:186.2,186.121 1 1
github.com/scipian/terraform-controller/pkg/controller/run/run_controller.go:231.2,231.32 1 1
github.com/scipian/terraform-controller/pkg/controller/run/run_controller.go:123.16,124.29 1 0
github.com/scipian/terraform-controller/pkg/controller/run/run_controller.go:130.3,130.33 1 0
github.com/scipian/terraform-controller/pkg/controller/run/run_controller.go:124.29,128.4 1 0
github.com/scipian/terraform-controller/pkg/controller/run/run_controller.go:134.16,135.29 1 0
github.com/scipian/terraform-controller/pkg/controller/run/run_controller.go:141.3,141.33 1 0
github.com/scipian/terraform-controller/pkg/controller/run/run_controller.go:135.29,139.4 1 0
github.com/scipian/terraform-controller/pkg/controller/run/run_controller.go:144.38,146.3 1 0
github.com/scipian/terraform-controller/pkg/controller/run/run_controller.go:146.8,148.3 1 1
github.com/scipian/terraform-controller/pkg/controller/run/run_controller.go:153.65,155.3 1 0
github.com/scipian/terraform-controller/pkg/controller/run/run_controller.go:157.62,159.3 1 0
github.com/scipian/terraform-controller/pkg/controller/run/run_controller.go:173.116,175.3 1 0
github.com/scipian/terraform-controller/pkg/controller/run/run_controller.go:177.98,179.3 1 0
github.com/scipian/terraform-controller/pkg/controller/run/run_controller.go:182.142,184.3 1 1
github.com/scipian/terraform-controller/pkg/controller/run/run_controller.go:186.121,188.3 1 0
github.com/scipian/terraform-controller/pkg/controller/run/run_controller.go:234.81,235.90 1 1
github.com/scipian/terraform-controller/pkg/controller/run/run_controller.go:238.2,238.12 1 1
github.com/scipian/terraform-controller/pkg/controller/run/run_controller.go:235.90,237.3 1 0
github.com/scipian/terraform-controller/pkg/controller/run/run_controller.go:241.150,243.42 2 1
github.com/scipian/terraform-controller/pkg/controller/run/run_controller.go:253.2,253.12 1 1
github.com/scipian/terraform-controller/pkg/controller/run/run_controller.go:243.42,246.17 3 1
github.com/scipian/terraform-controller/pkg/controller/run/run_controller.go:246.17,248.4 1 0
github.com/scipian/terraform-controller/pkg/controller/run/run_controller.go:249.8,249.23 1 1
github.com/scipian/terraform-controller/pkg/controller/run/run_controller.go:249.23,251.3 1 0
github.com/scipian/terraform-controller/pkg/controller/run/run_controller.go:256.185,257.61 1 1
github.com/scipian/terraform-controller/pkg/controller/run/run_controller.go:266.2,266.12 1 1
github.com/scipian/terraform-controller/pkg/controller/run/run_controller.go:257.61,261.17 4 1
github.com/scipian/terraform-controller/pkg/controller/run/run_controller.go:261.17,263.4 1 1
